<?xml version="1.0" encoding="UTF-8"?>
<!-- Generated by org.testng.reporters.JUnitXMLReporter -->
<testsuite ignored="0" hostname="LAPTOP-ND35APL9" failures="0" tests="4" name="Default test" time="35.099" errors="0" timestamp="2022-12-24T22:13:45 GMT-06:00">
  <testcase classname="Guru99" name="loginVerification" time="8.191"/>
  <testcase classname="Guru99" name="loginVerification" time="6.624"/>
  <testcase classname="Guru99" name="loginVerification" time="7.383"/>
  <testcase classname="Guru99" name="loginVerification" time="7.043"/>
</testsuite> <!-- Default test -->
