<?xml version="1.0" encoding="UTF-8"?>
<testng-results ignored="0" total="4" passed="4" failed="0" skipped="0">
  <reporter-output>
  </reporter-output>
  <suite started-at="2022-12-24T22:13:10 GMT-06:00" name="Default suite" finished-at="2022-12-24T22:13:45 GMT-06:00" duration-ms="35099">
    <groups>
    </groups>
    <test started-at="2022-12-24T22:13:10 GMT-06:00" name="Default test" finished-at="2022-12-24T22:13:45 GMT-06:00" duration-ms="35099">
      <class name="Guru99">
        <test-method is-config="true" signature="setup()[pri:0, instance:Guru99@5d0bf09b]" started-at="2022-12-24T22:13:10 GMT-06:00" name="setup" finished-at="2022-12-24T22:13:15 GMT-06:00" duration-ms="4569" status="PASS">
          <reporter-output>
          </reporter-output>
        </test-method> <!-- setup -->
        <test-method signature="loginVerification(java.lang.String,java.lang.String)[pri:0, instance:Guru99@5d0bf09b]" started-at="2022-12-24T22:13:15 GMT-06:00" name="loginVerification" data-provider="getData" finished-at="2022-12-24T22:13:23 GMT-06:00" duration-ms="8191" status="PASS">
          <params>
            <param index="0">
              <value>
                <![CDATA[mngr464068]]>
              </value>
            </param>
            <param index="1">
              <value>
                <![CDATA[AvAzyhA]]>
              </value>
            </param>
          </params>
          <reporter-output>
          </reporter-output>
        </test-method> <!-- loginVerification -->
        <test-method signature="loginVerification(java.lang.String,java.lang.String)[pri:0, instance:Guru99@5d0bf09b]" started-at="2022-12-24T22:13:23 GMT-06:00" name="loginVerification" data-provider="getData" finished-at="2022-12-24T22:13:30 GMT-06:00" duration-ms="6624" status="PASS">
          <params>
            <param index="0">
              <value>
                <![CDATA[dsfdsfd]]>
              </value>
            </param>
            <param index="1">
              <value>
                <![CDATA[AvAzyhA]]>
              </value>
            </param>
          </params>
          <reporter-output>
          </reporter-output>
        </test-method> <!-- loginVerification -->
        <test-method signature="loginVerification(java.lang.String,java.lang.String)[pri:0, instance:Guru99@5d0bf09b]" started-at="2022-12-24T22:13:30 GMT-06:00" name="loginVerification" data-provider="getData" finished-at="2022-12-24T22:13:37 GMT-06:00" duration-ms="7383" status="PASS">
          <params>
            <param index="0">
              <value>
                <![CDATA[mngr464068]]>
              </value>
            </param>
            <param index="1">
              <value>
                <![CDATA[svsdv]]>
              </value>
            </param>
          </params>
          <reporter-output>
          </reporter-output>
        </test-method> <!-- loginVerification -->
        <test-method signature="loginVerification(java.lang.String,java.lang.String)[pri:0, instance:Guru99@5d0bf09b]" started-at="2022-12-24T22:13:37 GMT-06:00" name="loginVerification" data-provider="getData" finished-at="2022-12-24T22:13:44 GMT-06:00" duration-ms="7043" status="PASS">
          <params>
            <param index="0">
              <value>
                <![CDATA[sdvsdv]]>
              </value>
            </param>
            <param index="1">
              <value>
                <![CDATA[dsvsv]]>
              </value>
            </param>
          </params>
          <reporter-output>
          </reporter-output>
        </test-method> <!-- loginVerification -->
        <test-method is-config="true" signature="close()[pri:0, instance:Guru99@5d0bf09b]" started-at="2022-12-24T22:13:44 GMT-06:00" name="close" finished-at="2022-12-24T22:13:45 GMT-06:00" duration-ms="1232" status="PASS">
          <reporter-output>
          </reporter-output>
        </test-method> <!-- close -->
      </class> <!-- Guru99 -->
    </test> <!-- Default test -->
  </suite> <!-- Default suite -->
</testng-results>
